[debug] [2024-04-04T21:19:19.076Z] ----------------------------------------------------------------------
[debug] [2024-04-04T21:19:19.078Z] Command:       C:\Program Files\nodejs\node.exe C:\Users\adima\AppData\Roaming\npm\node_modules\firebase-tools\lib\bin\firebase.js init
[debug] [2024-04-04T21:19:19.079Z] CLI Version:   13.7.0
[debug] [2024-04-04T21:19:19.079Z] Platform:      win32
[debug] [2024-04-04T21:19:19.079Z] Node Version:  v20.11.1
[debug] [2024-04-04T21:19:19.079Z] Time:          Fri Apr 05 2024 02:49:19 GMT+0530 (India Standard Time)
[debug] [2024-04-04T21:19:19.079Z] ----------------------------------------------------------------------
[debug] 
[debug] [2024-04-04T21:19:19.084Z] > command requires scopes: ["email","openid","https://www.googleapis.com/auth/cloudplatformprojects.readonly","https://www.googleapis.com/auth/firebase","https://www.googleapis.com/auth/cloud-platform"]
[debug] [2024-04-04T21:19:19.084Z] > authorizing via signed-in user (21ucc007@lnmiit.ac.in)
[info] 
     ######## #### ########  ######## ########     ###     ######  ########
     ##        ##  ##     ## ##       ##     ##  ##   ##  ##       ##
     ######    ##  ########  ######   ########  #########  ######  ######
     ##        ##  ##    ##  ##       ##     ## ##     ##       ## ##
     ##       #### ##     ## ######## ########  ##     ##  ######  ########

You're about to initialize a Firebase project in this directory:

  C:\Users\adima\Downloads\Gyangrove\gyangrove

[info] 
=== Project Setup
[info] 
[info] First, let's associate this project directory with a Firebase project.
[info] You can create multiple project aliases by running firebase use --add, 
[info] but for now we'll just set up a default project.
[info] 
[info] i  If you want to create a project in a Google Cloud organization or folder, please use "firebase projects:create" instead, and return to this command when you've created the project. 
[debug] [2024-04-04T21:19:53.055Z] >>> [apiv2][query] POST https://cloudresourcemanager.googleapis.com/v1/projects [none]
[debug] [2024-04-04T21:19:53.055Z] >>> [apiv2][body] POST https://cloudresourcemanager.googleapis.com/v1/projects {"projectId":"BuyusNow-1905","name":"BuyusNow"}
[debug] [2024-04-04T21:19:54.620Z] <<< [apiv2][status] POST https://cloudresourcemanager.googleapis.com/v1/projects 400
[debug] [2024-04-04T21:19:54.621Z] <<< [apiv2][body] POST https://cloudresourcemanager.googleapis.com/v1/projects {"error":{"code":400,"message":"field [project_id] has issue [project_id contains invalid characters]","status":"INVALID_ARGUMENT","details":[{"@type":"type.googleapis.com/google.rpc.BadRequest","fieldViolations":[{"field":"project_id","description":"project_id contains invalid characters"}]},{"@type":"type.googleapis.com/google.rpc.Help","links":[{"url":"https://cloud.google.com/resource-manager/reference/rest/v1/projects"}]}]}}
[debug] [2024-04-04T21:19:54.836Z] FirebaseError: HTTP Error: 400, field [project_id] has issue [project_id contains invalid characters]
    at responseToError (C:\Users\adima\AppData\Roaming\npm\node_modules\firebase-tools\lib\responseToError.js:49:12)
    at RetryOperation._fn (C:\Users\adima\AppData\Roaming\npm\node_modules\firebase-tools\lib\apiv2.js:299:77)
    at process.processTicksAndRejections (node:internal/process/task_queues:95:5)
[error] 
[error] Error: Failed to create project. See firebase-debug.log for more info.
[debug] [2024-04-04T21:20:07.080Z] ----------------------------------------------------------------------
[debug] [2024-04-04T21:20:07.083Z] Command:       C:\Program Files\nodejs\node.exe C:\Users\adima\AppData\Roaming\npm\node_modules\firebase-tools\lib\bin\firebase.js init
[debug] [2024-04-04T21:20:07.083Z] CLI Version:   13.7.0
[debug] [2024-04-04T21:20:07.083Z] Platform:      win32
[debug] [2024-04-04T21:20:07.083Z] Node Version:  v20.11.1
[debug] [2024-04-04T21:20:07.084Z] Time:          Fri Apr 05 2024 02:50:07 GMT+0530 (India Standard Time)
[debug] [2024-04-04T21:20:07.084Z] ----------------------------------------------------------------------
[debug] 
[debug] [2024-04-04T21:20:07.089Z] > command requires scopes: ["email","openid","https://www.googleapis.com/auth/cloudplatformprojects.readonly","https://www.googleapis.com/auth/firebase","https://www.googleapis.com/auth/cloud-platform"]
[debug] [2024-04-04T21:20:07.089Z] > authorizing via signed-in user (21ucc007@lnmiit.ac.in)
[info] 
     ######## #### ########  ######## ########     ###     ######  ########
     ##        ##  ##     ## ##       ##     ##  ##   ##  ##       ##
     ######    ##  ########  ######   ########  #########  ######  ######
     ##        ##  ##    ##  ##       ##     ## ##     ##       ## ##
     ##       #### ##     ## ######## ########  ##     ##  ######  ########

You're about to initialize a Firebase project in this directory:

  C:\Users\adima\Downloads\Gyangrove\gyangrove

